<?xml version="1.0" encoding="UTF-8"?>
<!-- Generated by org.testng.reporters.JUnitReportReporter -->
<testsuite hostname="DESKTOP-TBHPIG9" failures="0" tests="2" name="com.simpaisa.workflows.WifiTransaction" time="265.128" errors="0" timestamp="17 Feb 2022 09:29:19 GMT" skipped="1">
  <testcase classname="com.simpaisa.workflows.WifiTransaction" name="make_transasction_wifi" time="265.128"/>
  <testcase classname="com.simpaisa.workflows.WifiTransaction" name="resetParams">
    <skipped/>
  </testcase> <!-- resetParams -->
</testsuite> <!-- com.simpaisa.workflows.WifiTransaction -->
